***** Results of CPLSA analysis for D:\School\MCS-DS\CS 410\test\CourseProject\data\all_abstracts.csv *****
Maximum Likelihood Estimate: -166174.09090999188
Iterations: 386 out of 1000
Topic count: 20
View count: 12
Document count: 363
Vocabulary size: 4752
Initial global view prior: 100.0

***** Coverages *****

***** Topic 1 *****

Topic: 1, View: global
data	0.035683693896928305
index	0.03560675311917867
one	0.01675611911490761
web	0.01675611911490761
access	0.01675611911490761
mobile	0.01466160422554416
fanouts	0.012567089336180707
broadcasting	0.012567089336180707
wireless	0.012567089336180707
average	0.010472574446817257

Topic: 1, View: author==1
rules	0.049586776859504134
frequent	0.03305785123966942
association	0.03305785123966942
gspan	0.03305785123966942
mining	0.024793388429752067
new	0.024793388429752067
database	0.024793388429752067
discovered	0.024793388429752067
pattern	0.01652892561983471
study	0.01652892561983471

Topic: 1, View: author==2
clauses	0.05511811023622047
set	0.047244094488188976
amkh	0.047244094488188976
non-equality	0.047244094488188976
candidate	0.047244094488188976
subscriptions	0.03937007874015747
event	0.031496062992125984
predicate	0.015748031496062992
subset	0.015748031496062992
predicates	0.015748031496062992

Topic: 1, View: year<=1992
systems	0.08076588244350993
throughput	0.04549931534025387
processors	0.03460228344430335
may	0.029645685537795573
response-time	0.029645685537795573
larger	0.022786572827466756
required	0.022782558347950607
constraints	0.02263900994710898
system	0.020679170768401867
cost	0.01867432205232583

Topic: 1, View: year>=1993 and year<=1999
buffer	0.05539903722809006
access	0.04616586435674172
cc	0.036932691485393375
hit	0.02769951861404503
effect	0.018466345742696687
system	0.018466345742696687
skewed	0.018466345742696687
protocol	0.018466345742696687
local	0.018466345742696687
find	0.018466345742696687

Topic: 1, View: year>=2000
intertransaction	0.06493506493506494
association	0.05844155844155845
associations	0.05194805194805195
day	0.03246753246753247
intratransaction	0.025974025974025976
mining	0.025974025974025976
multidimensional	0.025974025974025976
transaction	0.01948051948051948
rules	0.01948051948051948
items	0.01948051948051948

Topic: 1, View: author==1 and year<=1992
rules	0.17156572876272083
compiled	0.0923159183685797
chain	0.06473724809061883
asynchronous	0.05259895085603409
many	0.043531268565930585
compilation	0.04254302460026737
contain	0.04172932887488132
query-processing	0.03921784991114707
study	0.03898147292536401
function-free	0.03840574700998255

Topic: 1, View: author==1 and year>=1993 and year<=1999
mining	0.11864406779661017
data	0.10169491525423727
research	0.0423728813559322
system	0.025423728813559324
development	0.025423728813559317
several	0.01694915254237288
including	0.01694915254237288
functions	0.01694915254237288
knowledge	0.01694915254237288
systems	0.01694915254237288

Topic: 1, View: author==1 and year>=2000
mining	0.0778352168587337
data	0.07279181386100424
large	0.02432350526835428
databases	0.02432350526835428
methods	0.02184621354222551
efficient	0.01661689471594227
scalable	0.014594103161012568
bio-medical	0.014594103161012568
research	0.014594103161012568
analysis	0.014594103161012568

Topic: 1, View: author==2 and year<=1992
systems	0.07802829303552976
system	0.06928914317615929
databases	0.04641260907451936
used	0.045412414424170655
multisystem	0.03590561585834878
advantages	0.034153892374664846
database	0.032540623641498616
private	0.029885191417961865
among	0.02918658161155314
approach	0.026482391133233533

Topic: 1, View: author==2 and year>=1993 and year<=1999
hash	0.07142857142857142
allocation	0.06122448979591835
execution	0.04591836734693877
tree	0.045918367346938764
processor	0.030612244897959176
joins	0.02040816326530612
improve	0.02040816326530612
pipeline	0.02040816326530612
relations	0.02040816326530612
parallel	0.02040816326530612

Topic: 1, View: author==2 and year>=2000
mining	0.033816425120772944
data	0.033816425120772944
new	0.01932367149758454
class	0.014492753623188404
manet	0.014492753623188404
using	0.014492753623188404
available	0.014492753623188404
detection	0.014492753623188404
labels	0.014492753623188404
routing	0.014492753623188404

***** Topic 2 *****

Topic: 2, View: global
memory	0.03494623655913979
strategy	0.021505376344086023
consumption	0.016129032258064516
dawa	0.013440860215053765
cube	0.013440860215053765
query	0.013440860215053765
optimal	0.013440860215053765
buffer	0.013440860215053765
roc	0.010752688172043012
streams	0.010752688172043012

Topic: 2, View: author==1
mining	0.05376344086021506
data	0.05376344086021506
web	0.05376344086021506
log	0.03225806451612903
files	0.021505376344086023
weblogminer	0.021505376344086023
behavior	0.021505376344086023
project	0.021505376344086023
page	0.021505376344086023
server	0.021505376344086023

Topic: 2, View: author==2
vc	0.037037037037037035
indexing	0.037037037037037035
ces	0.027777777777777776
ces-based	0.027777777777777776
search	0.027777777777777776
continual	0.027777777777777776
queries	0.027777777777777776
query	0.027777777777777776
incremental	0.018518518518518517
hence	0.018518518518518517

Topic: 2, View: year<=1992
skew	0.07736649338505736
performance	0.05634142261803775
database	0.04923131243276652
data	0.04328956534276439
algorithms	0.04323200704460034
new	0.03388846425677971
load	0.02980421826241977
systems	0.02740703181353007
high	0.02701174291883932
range	0.025930235491198207

Topic: 2, View: year>=1993 and year<=1999
join	0.06246963098618948
execution	0.038312275439823414
attributes	0.023945172149889633
semi-join	0.019156137719911707
proposed	0.019156137719911707
query	0.018590546529374367
sequence	0.01703680644856827
processor	0.014367103289933781
time	0.014367103289933781
bushy	0.014367103289933781

Topic: 2, View: year>=2000
rule	0.04195804195804196
weight	0.03496503496503497
wars	0.03496503496503497
frequent	0.027972027972027972
association	0.027972027972027972
also	0.027972027972027972
finding	0.02097902097902098
item	0.02097902097902098
itemset	0.02097902097902098
rules	0.013986013986013986

Topic: 2, View: author==1 and year<=1992
recursions	0.2126896151313736
multiple	0.06830868130963388
queries	0.05149044355247389
side-relation	0.04491095680532789
processing	0.04270922374211131
complex	0.04068709227174942
methods	0.03963479048699479
closure	0.038611792630389385
side-coherent	0.03154111830896094
types	0.0312791974099327

Topic: 2, View: author==1 and year>=1993 and year<=1999
evaluation	0.10625191940895558
chain-split	0.04512205946087879
chain	0.03541730646965186
generating	0.03384154459565909
databases	0.024135452179880165
one	0.022561029730439396
path	0.022561029730439396
portion	0.022561029730439396
set	0.022561029730439396
evaluable	0.022561029730439396

Topic: 2, View: author==1 and year>=2000
bugs	0.041666666666666664
sober	0.041666666666666664
predicates	0.03333333333333333
program	0.03333333333333333
evaluation	0.025
approach	0.025
debugging	0.016666666666666666
correct	0.016666666666666666
programmers	0.016666666666666666
localization	0.016666666666666666

Topic: 2, View: author==2 and year<=1992
workload	0.06779661016949153
database	0.05084745762711865
sql	0.03389830508474576
db	0.03389830508474576
results	0.03389830508474576
obtained	0.03389830508474576
study	0.03389830508474576
composition	0.01694915254237288
provide	0.01694915254237288
query	0.01694915254237288

Topic: 2, View: author==2 and year>=1993 and year<=1999
execution	0.07920792079207921
query	0.06930693069306931
right-deep	0.039603960396039604
tree	0.0297029702970297
plan	0.0297029702970297
joins	0.0297029702970297
trees	0.0297029702970297
join	0.0297029702970297
pipelined	0.0297029702970297
schemes	0.019801980198019802

Topic: 2, View: author==2 and year>=2000
web	0.027237354085603113
architectures	0.023346303501945526
database	0.023346303501945522
content	0.01556420233463035
knowledge	0.01556420233463035
mechanisms	0.01556420233463035
server	0.011673151750972763
nodes	0.011673151750972763
sites	0.011673151750972763
traffic	0.011673151750972763

***** Topic 3 *****

Topic: 3, View: global
indexing	0.026306964010031922
data	0.024923837696382494
graph	0.022360919408527136
frequent	0.02017196744647485
mining	0.017275621379067182
structures	0.015784178406019155
database	0.015784178406019155
query	0.014249613692687207
index	0.01384458337717672
graphs	0.013153482005015961

Topic: 3, View: author==1
friends	0.05
cf	0.05
people	0.025
personal	0.025
item	0.025
match	0.025
tastes	0.025
advisors	0.025
trusted	0.025
dealing	0.025

Topic: 3, View: author==2
summarized	0.0717930085312122
also	0.05384475639840915
refined	0.0358965042656061
satisfactory	0.0358965042656061
databases	0.0358965042656061
paper	0.03244106743378336
implementation	0.03244106743378336
may	0.019757006359477622
satisfied	0.01794825213280305
equipped	0.01794825213280305

Topic: 3, View: year<=1992
lock	0.06737244614731609
policies	0.051325265680328365
recovery	0.04419651723226538
retention	0.036655163352048714
different	0.03086414707267678
exclusive	0.026673541169195496
performance	0.02570905213189711
level	0.023578653492932172
buffer	0.023397771578981773
granules	0.019633200143171152

Topic: 3, View: year>=1993 and year<=1999
performance	0.043795620437956206
sites	0.0364963503649635
algorithm	0.036496350364963494
replacement	0.029197080291970802
decisions	0.021897810218978103
remote	0.021897810218978103
access	0.021897810218978103
lru	0.014598540145985401
network	0.014598540145985401
configurations	0.014598540145985401

Topic: 3, View: year>=2000
positive	0.032407407407407406
data	0.027777777777777776
space	0.027777777777777776
training	0.023148148148148147
number	0.018518518518518517
svmc	0.018518518518518517
feature	0.018518518518518517
labeled	0.018518518518518517
text	0.013888888888888888
negative	0.013888888888888888

Topic: 3, View: author==1 and year<=1992
compiled	0.18777244694376405
formulas	0.18749779771082187
processing	0.10533283986377567
recursive	0.09663835048190964
compilation	0.03524205138917534
authors	0.029994605304466845
study	0.02899567998011184
graph	0.02809620275321817
formula	0.024450520835006595
i-graph	0.0204665737534429

Topic: 3, View: author==1 and year>=1993 and year<=1999
constraints	0.11214953271028036
evaluation	0.06542056074766354
query	0.06542056074766354
rule	0.02803738317757009
recursions	0.02803738317757009
compilation	0.02803738317757009
deductive	0.02803738317757009
constraint-based	0.018691588785046728
linear	0.018691588785046728
different	0.018691588785046728

Topic: 3, View: author==1 and year>=2000
data	0.04477611940298507
sequential	0.029850746268656716
patterns	0.029850746268656716
incremental	0.029850746268656716
sets	0.022388059701492536
mining	0.022388059701492536
grow	0.022388059701492536
algorithm	0.022388059701492536
sequences	0.022388059701492536
many	0.022388059701492536

Topic: 3, View: author==2 and year<=1992
parallel	0.0510204081632653
processing	0.04081632653061225
processors	0.04081632653061225
skew	0.030612244897959176
p	0.030612244897959176
join	0.030612244897959176
task	0.030612244897959176
speedup	0.030612244897959176
times	0.020408163265306124
even	0.020408163265306124

Topic: 3, View: author==2 and year>=1993 and year<=1999
server	0.061068702290076333
load	0.05343511450381679
various	0.022900763358778626
buffer	0.022900763358778626
operations	0.022900763358778626
skew	0.022900763358778626
time	0.022900763358778626
number	0.015267175572519083
policies	0.015267175572519083
balancing	0.015267175572519083

Topic: 3, View: author==2 and year>=2000
set	0.0365296803652968
words	0.0319634703196347
approach	0.0273972602739726
tuples	0.0228310502283105
load	0.0228310502283105
documents	0.0182648401826484
labeling	0.0182648401826484
shedding	0.0182648401826484
stream	0.0182648401826484
class	0.0182648401826484

***** Topic 4 *****

Topic: 4, View: global
data	0.03420131254075319
mining	0.025165447611158447
class	0.024980074979736124
algorithm	0.013625495443492444
sequential	0.013625495443492444
system	0.013625495443492444
induction	0.013625495443492442
case	0.013625495443492442
rules	0.01205517636766479
accuracy	0.011533886752813643

Topic: 4, View: author==1
constraints	0.07216494845360824
f	0.030927835051546393
antimonotone	0.030927835051546393
constraint	0.030927835051546393
monotone	0.030927835051546393
v	0.020618556701030927
class	0.020618556701030927
group	0.020618556701030927
search	0.020618556701030927
aggregates	0.020618556701030927

Topic: 4, View: author==2
matrix	0.05714285714285714
data	0.04999999999999999
dyadic	0.04285714285714286
block	0.02857142857142857
structural	0.02857142857142857
framework	0.02142857142857143
joins	0.02142857142857143
co-clustering	0.02142857142857143
problem	0.02142857142857143
hidden	0.014285714285714285

Topic: 4, View: year<=1992
time-stamp	0.08193262001045358
certification	0.04888896342202798
transaction	0.03612540732081447
derive	0.033199285009043754
commit	0.03297033814239492
back-shifted	0.03267736758758307
technique	0.016640794719450302
estimate	0.01663113528781228
improvement	0.016622072601715037
range	0.016604646375977646

Topic: 4, View: year>=1993 and year<=1999
dirty	0.045714290689644846
buffer	0.03428571801723364
recovery	0.03428571801723364
analysis	0.028571431681028027
pages	0.028571431681028027
page	0.022857145344822423
clipping	0.01714285900861682
policy	0.01714285900861682
modeling	0.01714285900861682
propagation	0.01714285900861682

Topic: 4, View: year>=2000
pages	0.07179487179487179
search	0.041025641025641026
quality	0.041025641025641026
dimension	0.03076923076923077
publication	0.02564102564102564
algorithms	0.02564102564102564
in-links	0.020512820512820513
important	0.020512820512820513
problem	0.020512820512820513
methods	0.020512820512820513

Topic: 4, View: author==1 and year<=1992
query	0.09972630616870809
model	0.07214576286267145
formulas	0.06806040142474852
resolution	0.05953919420204061
i-graph	0.053996332481519874
recursive	0.053345944593551076
evaluation	0.0493660794246145
based	0.04746079313566732
class	0.03715234804450722
plans	0.028730611940408077

Topic: 4, View: author==1 and year>=1993 and year<=1999
learning	0.058823529411764705
rules	0.04575163398692811
quantitative	0.04575163398692811
rule	0.032679738562091505
databases	0.0196078431372549
expansions	0.0196078431372549
recursion	0.0196078431372549
recursions	0.0196078431372549
information	0.0196078431372549
efficient	0.0196078431372549

Topic: 4, View: author==1 and year>=2000
data	0.07070707070707072
cube	0.06060606060606061
large	0.0303030303030303
exploration	0.0303030303030303
effective	0.020202020202020204
olap	0.020202020202020204
iceberg	0.020202020202020204
space	0.020202020202020204
cube-based	0.020202020202020204
cubeexplorer	0.020202020202020204

Topic: 4, View: author==2 and year<=1992
skew	0.05454545454545454
join	0.045454545454545456
algorithm	0.045454545454545456
phase	0.045454545454545456
processors	0.03636363636363636
data	0.03636363636363636
parallel	0.02727272727272727
load	0.02727272727272727
sort	0.02727272727272727
number	0.01818181818181818

Topic: 4, View: author==2 and year>=1993 and year<=1999
filters	0.07476635514018692
hash	0.07476635514018692
execution	0.05607476635514018
tree	0.03738317757009346
bushy	0.03738317757009346
join	0.02803738317757009
different	0.01869158878504673
built	0.01869158878504673
applied	0.01869158878504673
relations	0.01869158878504673

Topic: 4, View: author==2 and year>=2000
algorithm	0.034482758620689655
data	0.029556650246305414
online	0.024630541871921183
rules	0.024630541871921183
size	0.019704433497536946
association	0.019704433497536946
mining	0.019704433497536946
pattern	0.019704433497536946
two	0.014778325123152709
subsequence	0.014778325123152709

***** Topic 5 *****

Topic: 5, View: global
cluster	0.025547446125027164
different	0.025547446125027164
dns	0.021897808954263184
nodes	0.01824817580359083
shared	0.01824817580359083
affinity	0.01824817580359083
load	0.01824817459756348
coupling	0.014598540642872665
architectures	0.014598540642872665
architecture	0.014598540642872665

Topic: 5, View: author==1
networks	0.04878048780487805
new	0.03658536585365854
multilevel	0.03658536585365854
graph	0.03658536585365854
data	0.03658536585365854
social	0.024390243902439025
scale-free	0.024390243902439025
using	0.024390243902439025
shortest	0.024390243902439025
structures	0.024390243902439025

Topic: 5, View: author==2
buffer	0.10121457489878541
hit	0.04453441295546559
probability	0.03643724696356275
size	0.02834008097165992
policies	0.024291497975708502
data	0.024291497975708502
coherency	0.020242914979757085
environment	0.020242914979757085
maximum	0.016194331983805668
models	0.016194331983805668

Topic: 5, View: year<=1992
partitioning	0.04395604395604396
relation	0.04395604395604396
performance	0.03296703296703297
join	0.03296703296703297
step	0.02197802197802198
disk	0.02197802197802198
method	0.02197802197802198
buffer	0.02197802197802198
fit	0.02197802197802198
used	0.02197802197802198

Topic: 5, View: year>=1993 and year<=1999
buffer	0.040178571428571425
database	0.02232142857142857
access	0.02232142857142857
transaction	0.02232142857142857
hit	0.02232142857142857
strategies	0.017857142857142856
information	0.017857142857142856
characterization	0.017857142857142853
environment	0.013392857142857142
used	0.013392857142857142

Topic: 5, View: year>=2000
well	0.034482758620689655
graph	0.02586206896551724
graphs	0.02586206896551724
reachability	0.025862068965517238
types	0.025862068965517238
substructures	0.025862068965517238
encodes	0.025862068965517238
hlss	0.025862068965517238
phase	0.017241379310344827
submatrices	0.017241379310344827

Topic: 5, View: author==1 and year<=1992
evaluation	0.11034913053345975
processing	0.10874013296710158
query	0.07071741082290613
ml	0.06190938213786306
types	0.05856740001478412
unioned	0.050684878750626335
authors	0.03898562503402715
iii	0.030635946570973936
integrating	0.027717882708825366
single-linear	0.026776721679643564

Topic: 5, View: author==1 and year>=1993 and year<=1999
recursions	0.2709097779090411
evaluation	0.16799216241804354
deductive	0.1120528852345953
query	0.08036960638908468
developed	0.060071761155240766
techniques	0.05914669050131126
different	0.057093682078264256
compiled	0.05601066711510437
databases	0.056000961612222386
chain	0.05599738747268119

Topic: 5, View: author==1 and year>=2000
algorithm	0.0320855614973262
mining	0.021390374331550797
frequent	0.021390374331550797
graphs	0.0160427807486631
connectivity	0.0160427807486631
subsets	0.0160427807486631
set	0.0160427807486631
item	0.0160427807486631
build	0.0160427807486631
different	0.0160427807486631

Topic: 5, View: author==2 and year<=1992
transaction	0.029126213592233007
access	0.029126213592233007
database	0.02427184466019417
skew	0.02427184466019417
buffer	0.02427184466019417
processing	0.019417475728155338
management	0.019417475728155338
recovery	0.019417475728155338
protocols	0.019417475728155338
workload	0.014563106796116504

Topic: 5, View: author==2 and year>=1993 and year<=1999
web	0.053571432241941594
servers	0.04464285528418441
distributed	0.026785716120971158
algorithms	0.026785716120970672
dns	0.022321430100808778
load	0.02232142911732198
mapping	0.022321427642092204
ttl	0.022321427642092204
client	0.017857144080647275
proposed	0.017857144080647275

Topic: 5, View: author==2 and year>=2000
scheduling	0.023584905660377357
trees	0.023584905660377357
decision	0.023584905660377357
algorithms	0.023584905660377357
problem	0.018867924528301886
product	0.018867924528301886
scalability	0.014150943396226415
cyclic	0.014150943396226415
products	0.009433962264150943
assumes	0.009433962264150943

***** Topic 6 *****

Topic: 6, View: global
mining	0.03684800323624233
techniques	0.030822903241633018
many	0.021766151274626264
level	0.018656701092536806
patterns	0.018656701092536795
data	0.01613623551826788
database	0.015535219062665643
information	0.015510003986540894
applications	0.01483725048230786
large	0.013478668437162474

Topic: 6, View: author==1
mining	0.08208955223880597
pattern	0.05970149253731343
sequential	0.05223880597014925
framework	0.04477611940298507
frequent	0.022388059701492536
algorithm	0.022388059701492536
parallel	0.022388059701492536
study	0.014925373134328358
extended	0.014925373134328358
data	0.014925373134328358

Topic: 6, View: author==2
documents	0.03202846975103713
u	0.028469750889810783
positive	0.028469750889810783
p	0.024911032028584433
algorithm	0.017793594305975678
assignments	0.017793594305975678
negative	0.014234875444905391
extracting	0.014234875444905391
classifier	0.014234875444905391
problem	0.01423487544485337

Topic: 6, View: year<=1992
protocols	0.2312442108813061
number	0.09443553581649801
analysis	0.07705736505162974
benefit	0.07700530307345652
found	0.07669750004087302
transaction	0.06822286520719845
replication	0.06398429479843155
sensitive	0.05313210173552929
authors	0.02993743982617932
data	0.029667324616786988

Topic: 6, View: year>=1993 and year<=1999
data	1.0
systems	6.920559939317048e-25
also	4.1424127415043006e-36
database	2.0231839213444704e-41
recently	4.123910612770265e-53
response	4.357128897367327e-58
major	1.1759366589810074e-58
various	1.185235951337497e-59
important	3.963145667404657e-70
different	4.667979333561523e-71

Topic: 6, View: year>=2000
information	0.08403361344537813
unexpected	0.05042016806722689
competitors	0.042016806722689065
user	0.042016806722689065
useful	0.03361344537815126
web	0.03361344537815126
find	0.025210084033613446
also	0.025210084033613446
company	0.01680672268907563
finding	0.01680672268907563

Topic: 6, View: author==1 and year<=1992
recursions	0.1555259463433266
complex	0.0708973245444865
study	0.06494360530318267
efficient	0.060840318301327655
authors	0.05901123540996005
multiple	0.05784197900669606
techniques	0.05725949830960352
transitive	0.04785379533565299
asynchronous	0.04557583805522905
chain	0.038634130297493276

Topic: 6, View: author==1 and year>=1993 and year<=1999
rules	0.05223880597014925
association	0.05223880597014925
large	0.03731343283582089
mining	0.03731343283582089
distributed	0.029850746268656716
interesting	0.029850746268656716
performance	0.029850746268656716
study	0.022388059701492536
databases	0.022388059701492536
efficient	0.022388059701492536

Topic: 6, View: author==1 and year>=2000
data	0.028169014084507043
cube	0.028169014084507043
iceberg	0.02112676056338028
however	0.02112676056338028
relationships	0.02112676056338028
multi-dimensional	0.02112676056338028
explores	0.02112676056338028
cubes	0.014084507042253521
bottom-up	0.014084507042253521
interesting	0.014084507042253521

Topic: 6, View: author==2 and year<=1992
strategy	0.06385242143607817
response	0.06007711107675372
parameters	0.05016843137995474
system	0.034168591901676704
accuracy	0.03414407060134254
examine	0.03379647996954456
routing	0.03160596737210326
certain	0.03130558744521978
transactions	0.028695716736597314
estimates	0.02739721081774081

Topic: 6, View: author==2 and year>=1993 and year<=1999
blocking	0.04901960784593391
transactions	0.03921568627674714
scheme	0.029411764707560354
performance	0.029411764707560354
control	0.01960784313837357
proposed	0.01960784313837357
conventional	0.01960784313837357
phase	0.01960784313837357
get	0.01960784313837357
locking	0.01960784313837357

Topic: 6, View: author==2 and year>=2000
user	0.036885245901639344
mining	0.036885245901639344
causality	0.028688524590163935
rule	0.028688524590163935
matching	0.020491803278688527
distributed	0.020491803278688527
level	0.020491803278688527
events	0.01639344262295082
dynamic	0.01639344262295082
paper	0.01639344262295082

***** Topic 7 *****

Topic: 7, View: global
mining	0.03161846291742495
problem	0.014935671432531593
paper	0.013289727671620963
profile	0.012749857046305445
social	0.012749857046305445
one	0.0127144271959175
network	0.012664393001286477
community	0.011333206263382618
analysis	0.011333206263382618
algorithms	0.011090533688314488

Topic: 7, View: author==1
document	0.07547169811320754
set	0.07547169811320754
topic	0.05660377358490566
directory	0.05660377358490566
method	0.03773584905660377
clustering	0.03773584905660377
different	0.018867924528301886
exploration	0.018867924528301886
frequent	0.018867924528301886
closed	0.018867924528301886

Topic: 7, View: author==2
e-commerce	0.04971239333075133
e-business	0.039675402780894764
web-based	0.036084918854275616
workshop	0.031805077749330286
intelligence	0.02326828586880888
systems	0.022101783212872227
one	0.020942324451544356
issues	0.019295809549499353
wecwis	0.01648469853204601
data	0.015990812502280568

Topic: 7, View: year<=1992
algorithms	0.06707710184964566
skew	0.037873878581942605
conventional	0.02578354273573016
merge	0.020858912789070153
two	0.020248103284775287
join	0.019958604521433033
parallel	0.019492796174697926
sort	0.019218798859771746
data	0.01784271065683934
processors	0.01724190267581357

Topic: 7, View: year>=1993 and year<=1999
schemes	0.0625
two	0.046875
broadcast	0.046875
all-to-all	0.046875
scheme	0.046875
classes	0.046875
number	0.03125
minimal	0.03125
based	0.03125
steps	0.015625

Topic: 7, View: year>=2000
method	0.05813953488372093
space	0.046511627906976744
document	0.046511627906976744
semantic	0.03488372093023256
documents	0.03488372093023256
clustering	0.03488372093023256
different	0.023255813953488372
lpi	0.023255813953488372
high	0.023255813953488372
analysis	0.023255813953488372

Topic: 7, View: author==1 and year<=1992
graph	0.13388769297139655
evaluation	0.05517028934032553
query	0.05287487740341671
essential	0.05121092703626926
model	0.0506076968551432
i-graph	0.04755506971763984
linear	0.0424161605730051
classified	0.03358269964161927
consists	0.028295301385046687
corresponding	0.027827182975842336

Topic: 7, View: author==1 and year>=1993 and year<=1999
mining	0.11428571428571428
data	0.05714285714285714
query	0.02857142857142857
system	0.02857142857142857
optimization	0.02857142857142857
supporting	0.02857142857142857
step	0.014285714285714285
important	0.014285714285714285
demo	0.014285714285714285
usefulness	0.014285714285714285

Topic: 7, View: author==1 and year>=2000
association	0.049019607843137254
rules	0.049019607843137254
inter-transactional	0.049019607843137254
associations	0.0392156862745098
mining	0.029411764705882353
optimization	0.0196078431372549
techniques	0.0196078431372549
multidimensional	0.0196078431372549
traditional	0.0196078431372549
open	0.0196078431372549

Topic: 7, View: author==2 and year<=1992
known	0.19272978935789928
based	0.19023712818485244
simultaneously	0.137508904188598
derived	0.0878402380948974
one	0.060124673088822064
first	0.050010918066541406
cost	0.04936406475387088
good	0.041378905815783525
results	0.02941371401868842
run	0.02230169298696926

Topic: 7, View: author==2 and year>=1993 and year<=1999
scheme	0.050847457627118633
assignments	0.03389830508474576
performance	0.03389830508474576
disks	0.03389830508474576
algorithm	0.03389830508474576
disk	0.03389830508474576
dasd	0.025423728813559317
dancing	0.025423728813559317
load	0.025423728813559317
features	0.01694915254237288

Topic: 7, View: author==2 and year>=2000
bursty	0.06211180124223602
set	0.03726708074534162
events	0.03726708074534162
text	0.03726708074534162
features	0.024844720496894408
detect	0.01863354037267081
detection	0.01863354037267081
paper	0.01863354037267081
using	0.01863354037267081
positive	0.01863354037267081

***** Topic 8 *****

Topic: 8, View: global
data	0.056818181818181816
stream	0.02727272727272727
classification	0.024999999999999998
ensemble	0.02272727272727273
problem	0.02045454545454545
feature	0.01818181818181818
clustering	0.01818181818181818
accuracy	0.013636363636363636
combinations	0.011363636363636364
methods	0.011363636363636364

Topic: 8, View: author==1
patterns	0.051546391752577386
closed	0.051546391752577386
sequential	0.051546391752577386
mining	0.051546391752577386
pattern	0.03092783505154643
threshold	0.03092783505154643
length	0.03092783505154643
minimum	0.030927835051546334
tsp	0.02061855670103095
frequent	0.02061855670103095

Topic: 8, View: author==2
e-commerce	0.028934299267112152
issues	0.026877775116618177
technical	0.0218068185257429
information	0.020019669531293974
solutions	0.018561201851931594
dr	0.017928637390751182
delivered	0.015722225682948274
panel	0.015237355987483147
software	0.015233917625583331
workshop	0.01377986279446876

Topic: 8, View: year<=1992
analytic	0.13856488374216078
model	0.11397123754727749
using	0.1136523212541732
simulations	0.07157728164510467
analysis	0.07144529727762626
approach	0.07034599052243921
scheme	0.064413062566944
transaction	0.05961481947970606
protocol	0.05600604825023411
since	0.050292187091333485

Topic: 8, View: year>=1993 and year<=1999
subsequences	0.047244094488188976
algorithm	0.031496062992125984
correlation	0.031496062992125984
sequences	0.031496062992125984
transformed	0.031496062992125984
domain	0.031496062992125984
hierarchical	0.023622047244094488
proposed	0.023622047244094488
template	0.023622047244094488
hierarchyscan	0.023622047244094488

Topic: 8, View: year>=2000
spatial	0.06741573033707865
clarans	0.0449438202247191
data	0.0449438202247191
objects	0.033707865168539325
mining	0.033707865168539325
clustering	0.033707865168539325
algorithms	0.033707865168539325
polygon	0.02247191011235955
discover	0.02247191011235955
relationships	0.02247191011235955

Topic: 8, View: author==1 and year<=1992
processing	0.1926660319504695
linear	0.18654117920343585
classified	0.0843842011049574
evaluation	0.0823289103354285
recursions	0.06421437994709964
study	0.061414534005997765
authors	0.054660930371359044
efficient	0.05381880764765445
query	0.03521698883618052
recursive	0.03372690278661191

Topic: 8, View: author==1 and year>=1993 and year<=1999
data	0.06547619047619047
concept	0.03571428571428571
hierarchies	0.03571428571428571
knowledge	0.02976190476190476
periodicity	0.02976190476190476
mining	0.023809523809523808
databases	0.023809523809523808
algorithms	0.017857142857142856
discovery	0.017857142857142856
based	0.011904761904761904

Topic: 8, View: author==1 and year>=2000
data	0.08646616541353382
cb-svm	0.03007518796992481
sets	0.02631578947368421
svm	0.02631578947368421
set	0.02631578947368421
classification	0.018796992481203006
entire	0.018796992481203006
svms	0.018796992481203006
large	0.018796992481203006
learning	0.015037593984962405

Topic: 8, View: author==2 and year<=1992
testing	0.13225222506038495
optimal	0.06022938061846114
yield	0.05998769601476594
period	0.04810423866535245
strategy	0.03602134177129451
sequential	0.024114096781114064
production	0.02409045639718952
results	0.021604458962601582
presented	0.012065156577669586
specified	0.01205989639804386

Topic: 8, View: author==2 and year>=1993 and year<=1999
thrashing	0.0297029702970297
run	0.0297029702970297
disks	0.026402640264026403
prefetching	0.023102310231023104
runs	0.019801980198019802
parallel	0.0165016501650165
performance	0.0165016501650165
input	0.0165016501650165
output	0.0165016501650165
response	0.0165016501650165

Topic: 8, View: author==2 and year>=2000
workfile	0.03137254901960784
system	0.027450980392156862
time	0.023529411764705882
web	0.023529411764705882
striping	0.0196078431372549
disks	0.0196078431372549
response	0.01568627450980392
requests	0.01568627450980392
may	0.01568627450980392
disk	0.01568627450980392

***** Topic 9 *****

Topic: 9, View: global
data	0.11752411870202494
stream	0.04151103099604719
streams	0.03691189802343995
mining	0.022033297542316244
recent	0.019260789470105764
algorithms	0.019077165053895638
resource	0.01747832884046273
volume	0.014853825882746292
large	0.014784448138978206
problem	0.013108746630216208

Topic: 9, View: author==1
frequent	0.04794520547945205
itemsets	0.04794520547945205
min	0.04794520547945205
mining	0.0410958904109589
closed	0.0410958904109589
support	0.0410958904109589
set	0.0273972602739726
length	0.02054794520547945
itemset	0.02054794520547945
less	0.0136986301369863

Topic: 9, View: author==2
time	0.05405405405405406
response	0.04054054054054054
problem	0.04054054054054054
average	0.04054054054054054
minimum	0.02702702702702703
algorithm	0.02702702702702703
case	0.02702702702702703
solutions	0.02702702702702703
optimal	0.02702702702702703
within	0.02702702702702703

Topic: 9, View: year<=1992
optimal	0.036051179114391714
data	0.03149654003871483
optimistic	0.024074573127605272
replicates	0.02406667662881561
mips	0.024031651980664405
replicating	0.023971321892088924
protocol	0.023818275426215074
degree	0.023732572903300855
semi-optimistic	0.023285997106412524
contention	0.023253475307308407

Topic: 9, View: year>=1993 and year<=1999
queries	0.03644850065361042
phase	0.031241571988808926
individual	0.02603464332400744
query	0.02603464332400744
scheduling	0.02603464332400744
algorithms	0.021005617334991525
hierarchical	0.02082771465920595
component	0.02082771465920595
multiple	0.02082771465920595
algorithm	0.02082771465920595

Topic: 9, View: year>=2000
data	0.03278688524590164
graph	0.03278688524590164
tables	0.03278688524590164
mining	0.028688524590163935
multiple	0.01639344262295082
patterns	0.01639344262295082
many	0.012295081967213115
deal	0.012295081967213115
algorithms	0.012295081967213115
na	0.012295081967213115

Topic: 9, View: author==1 and year<=1992
formulas	0.2793252520213743
recursive	0.1718328359819239
study	0.06031735216983689
graph	0.04967254399803368
compiled	0.040575057039761143
authors	0.03535674154919605
query	0.03443180083449936
essential	0.02602086440513261
model	0.02481373921793897
evaluation	0.022581623290389582

Topic: 9, View: author==1 and year>=1993 and year<=1999
mining	0.08984375
data	0.07421875
multimedia	0.046875
knowledge	0.03515625
system	0.03515625
including	0.0234375
large	0.01953125
databases	0.01953125
analysis	0.015625
association	0.015625

Topic: 9, View: author==1 and year>=2000
spatial	0.11764705882352941
data	0.06722689075630252
materialization	0.04201680672268907
selective	0.04201680672268907
olap	0.03361344537815126
methods	0.03361344537815126
proposed	0.03361344537815126
study	0.03361344537815126
nonspatial	0.025210084033613446
cubes	0.025210084033613446

Topic: 9, View: author==2 and year<=1992
systems	0.059640496527052375
architecture	0.059315665551261484
private	0.05512274857476347
hybrid	0.0408931866844352
databases	0.03624614093257435
management	0.034741007748620205
large	0.029612216353134994
data	0.029479781836458555
shared	0.02928682318245088
approach	0.029257289335004724

Topic: 9, View: author==2 and year>=1993 and year<=1999
phase	0.07692307692307694
algorithm	0.06043956043956045
join	0.049450549450549455
skew	0.04395604395604396
hash	0.03296703296703298
processors	0.032967032967032975
data	0.027472527472527476
proposed	0.02197802197802198
scheduling	0.02197802197802198
number	0.02197802197802198

Topic: 9, View: author==2 and year>=2000
pattern-based	0.07
clustering	0.06
clusters	0.04
mining	0.04
scalable	0.03
efficient	0.03
databases	0.03
large	0.03
maximal	0.03
data	0.02

***** Topic 10 *****

Topic: 10, View: global
large	0.0356092786691242
itemsets	0.020772079223655784
candidate	0.019288359279108942
items	0.0178046393345621
algorithm	0.017551953673017352
algorithms	0.013353479500921575
mining	0.013353365363520204
number	0.013074375651620881
subscribers	0.011869759556374733
also	0.011869754154228408

Topic: 10, View: author==1
clustering	0.05555555555555555
obstacles	0.041666666666666664
problem	0.041666666666666664
web	0.041666666666666664
world	0.041666666666666664
called	0.027777777777777776
wide	0.027777777777777776
analysis	0.027777777777777776
useful	0.027777777777777776
data	0.027777777777777776

Topic: 10, View: author==2
dispatching	0.0425531914893617
distributed	0.035460992907801414
centralized	0.035460992907801414
redirection	0.035460992907801414
schemes	0.028368794326241134
dns	0.028368794326241134
systems	0.02127659574468085
use	0.014184397163120567
servers	0.014184397163120567
decisions	0.014184397163120567

Topic: 10, View: year<=1992
data	0.1952425085712579
model	0.19521050222250624
shared	0.19489643374284438
used	0.08112040894871052
due	0.08104897866132021
show	0.08100389769222181
performance	0.07988569275736661
sharing	0.05180371821961745
memory	0.03978785918415489
play	5.492200333579948e-60

Topic: 10, View: year>=1993 and year<=1999
cc	0.051552526657725126
methodology	0.0412420213261801
contention	0.0412420213261801
performance	0.0412420213261801
schemes	0.0412420213261801
data	0.04112300416631262
system	0.030931515994635075
systems	0.030931515994635075
model	0.030931515994635075
structures	0.02062101066309005

Topic: 10, View: year>=2000
examples	0.053097345132743355
positive	0.053097345132743355
negative	0.04424778761061947
web	0.04424778761061947
algorithm	0.026548672566371678
training	0.026548672566371678
classification	0.026548672566371678
collecting	0.026548672566371678
m-c	0.026548672566371678
traditional	0.026548672566371678

Topic: 10, View: author==1 and year<=1992
recursions	0.14470607639906288
methods	0.14125841506537498
transitive	0.09655411574343607
multiple	0.08700510492719024
processing	0.07356847477090345
efficient	0.06656932919329572
recursive	0.05571524675508659
linear	0.05215026760835324
authors	0.04026798576870508
chain	0.030590533364058595

Topic: 10, View: author==1 and year>=1993 and year<=1999
mining	0.0851063829787234
cube	0.06382978723404255
given	0.0425531914893617
propose	0.0425531914893617
p	0.0425531914893617
metarule-guided	0.0425531914893617
metarule	0.0425531914893617
structure	0.0425531914893617
addition	0.02127659574468085
employ	0.02127659574468085

Topic: 10, View: author==1 and year>=2000
geographic	0.07547169811320754
diverse	0.03773584905660377
knowledge	0.03773584905660377
techniques	0.03773584905660377
workshop	0.03773584905660377
meeting	0.018867924528301886
project	0.018867924528301886
environments	0.018867924528301886
applying	0.018867924528301886
interaction	0.018867924528301886

Topic: 10, View: author==2 and year<=1992
system	0.07936507936507936
distributed	0.047619047619047616
transactions	0.047619047619047616
data	0.047619047619047616
performance	0.031746031746031744
access	0.031746031746031744
hybrid	0.031746031746031744
locality	0.031746031746031744
local	0.031746031746031744
reference	0.031746031746031744

Topic: 10, View: author==2 and year>=1993 and year<=1999
shared	0.06349206349206349
buffer	0.06349206349206349
model	0.031746031746031744
sbmps	0.023809523809523808
approach	0.023809523809523808
stream	0.023809523809523808
component	0.023809523809523808
analytic	0.023809523809523808
dependency	0.015873015873015872
data	0.015873015873015872

Topic: 10, View: author==2 and year>=2000
model	0.06504065040650407
true	0.04065040650406505
sample	0.032520325203252036
bias	0.032520325203252036
class	0.032520325203252036
selection	0.024390243902439025
classifier	0.024390243902439025
assumed	0.024390243902439025
discussion	0.016260162601626018
label	0.016260162601626018

***** Topic 11 *****

Topic: 11, View: global
classification	0.05281495004495621
data	0.03995457906391786
training	0.024115592590651623
problem	0.021923265991501475
stream	0.021923265991501475
model	0.017779221901831902
positive	0.01753861279320118
negative	0.01753861279320118
classifier	0.015346286194051031
examples	0.015346286194051031

Topic: 11, View: author==1
databases	0.09230769230769231
object-oriented	0.09230769230769231
knowledge	0.06153846153846154
discovery	0.046153846153846156
generalization	0.03076923076923077
induction	0.03076923076923077
development	0.03076923076923077
data	0.03076923076923077
mechanisms	0.03076923076923077
attribute-oriented	0.03076923076923077

Topic: 11, View: author==2
table	0.08820433616209472
devices	0.05427959148436598
small	0.040709693613274485
summarization	0.03392474467772874
capabilities	0.02713979574218299
present	0.02713979574218299
large	0.02713979574218299
dynamic	0.020354846806637242
personal	0.020354846806637242
various	0.020354846806637242

Topic: 11, View: year<=1992
memory	0.08695652173913043
remote	0.043478260869565216
disks	0.043478260869565216
objects	0.043478260869565216
sites	0.043478260869565216
local	0.043478260869565216
main	0.021739130434782608
obtain	0.021739130434782608
cached	0.021739130434782608
needed	0.021739130434782608

Topic: 11, View: year>=1993 and year<=1999
query	0.06994281260128331
processing	0.05524668885590009
join	0.05499486432187445
operations	0.048388494412781334
reducers	0.04147585235381257
distributed	0.03456321029484381
sequence	0.030709677268683545
problem	0.02765056823587505
graph	0.02765056823587505
transmission	0.02765056823587505

Topic: 11, View: year>=2000
service	0.05914440802248729
slm	0.04224600573034806
provider	0.04224600573034806
sla	0.03379680458427846
management	0.03379680458427846
level	0.03379680458427845
sam	0.02534760343820884
business	0.02534760343820884
execution	0.02534760343820884
e-business	0.02534760343820884

Topic: 11, View: author==1 and year<=1992
recursions	0.20274183143193245
methods	0.08141776636897
chain	0.06603276321315286
asynchronous	0.06539831640788026
closure	0.04729212449126866
query-processing	0.04693710919074985
techniques	0.03588871279181538
may	0.03048477798325444
shows	0.027445939594639195
single	0.025420099506225854

Topic: 11, View: author==1 and year>=1993 and year<=1999
discovery	0.0778827975703184
database	0.06487449128224977
information	0.06230625156205068
knowledge	0.054054873129094384
data	0.032179168272809436
resource	0.03115312578102534
approach	0.03115312578102534
layered	0.03115312578102534
different	0.01801662371618927
efficient	0.01801662371618927

Topic: 11, View: author==1 and year>=2000
mdbm	0.044117647058823525
classification	0.044117647058823525
high	0.044117647058823525
inter-database	0.029411764705882353
propose	0.029411764705882353
cross-database	0.029411764705882353
databases	0.029411764705882353
may	0.029411764705882353
heterogeneous	0.029411764705882353
links	0.029411764705882353

Topic: 11, View: author==2 and year<=1992
query	0.05063291139240506
graph	0.05063291139240506
join	0.05063291139240506
reducers	0.0379746835443038
operations	0.03797468354430379
sequence	0.02531645569620253
using	0.02531645569620253
communication	0.02531645569620253
processing	0.02531645569620253
algorithm	0.02531645569620253

Topic: 11, View: author==2 and year>=1993 and year<=1999
problem	0.07407407407407407
allocation	0.04938271604938271
hash	0.037037037037037035
pipeline	0.037037037037037035
optimal	0.037037037037037035
joins	0.037037037037037035
solution	0.024691358024691357
two-phase	0.024691358024691357
three	0.024691358024691357
stages	0.024691358024691357

Topic: 11, View: author==2 and year>=2000
xml	0.036269430051813475
index	0.02590673575129533
vcis	0.02590673575129533
vist	0.02590673575129533
bitmap	0.02590673575129533
data	0.02072538860103627
id	0.02072538860103627
documents	0.02072538860103627
predicate	0.02072538860103627
query	0.015544041450777202

***** Topic 12 *****

Topic: 12, View: global
query	0.021194208942175156
tiles	0.018666465647468808
stream	0.01866646564727522
index	0.018053490124265246
queries	0.015038153176557604
covering	0.01437083273087058
load	0.013999849235601606
processing	0.013467536004797288
virtual	0.012833195132634805
data	0.011976033919505674

Topic: 12, View: author==1
mining	0.06923076923076923
closed	0.06923076923076923
pattern	0.046153846153846156
frequent	0.046153846153846156
min	0.038461538461538464
patterns	0.030769230769230767
support	0.030769230769230767
fp-tree	0.023076923076923078
without	0.015384615384615385
efficient	0.015384615384615385

Topic: 12, View: author==2
distance	0.046153846153846156
measure	0.046153846153846156
index	0.030769230769230767
provide	0.023076923076923078
sequence	0.015384615384615385
supports	0.015384615384615385
shape	0.015384615384615385
hybrid	0.015384615384615385
periodic	0.015384615384615385
euclidean	0.015384615384615385

Topic: 12, View: year<=1992
remote	0.13895951817212454
requests	0.1377363789524605
support	0.13750500950214842
provided	0.137505009501802
shared	0.13748355003787432
study	0.13735346358089742
transaction	0.13704430776628107
performance	0.03552322117607212
data	0.0008895413103396903
devised	7.365482450289196e-115

Topic: 12, View: year>=1993 and year<=1999
caching	0.053097345132743355
web	0.04424778761061947
performance	0.04424778761061947
algorithms	0.02654867256637168
cache	0.026548672566371678
optimal	0.026548672566371678
policies	0.026548672566371678
algorithm	0.026548672566371678
distributed	0.017699115044247787
greedy	0.017699115044247787

Topic: 12, View: year>=2000
stream	0.031010024364703077
shingles	0.025841686970585896
sqi	0.020673349576468717
services	0.020574113966568386
mvoip	0.015505012182351539
peertalk	0.015505012182351539
range	0.014135539568811993
distribution	0.010336674788234359
provide	0.010336674788234359
system	0.010336674788234359

Topic: 12, View: author==1 and year<=1992
compilation	0.2208171002043916
recursive	0.20337513124900597
compiled	0.19857014499323788
study	0.07997121584860313
authors	0.07267697258833457
linear	0.06362913100787287
processing	0.04754458465348179
query	0.01890017541763651
graph	0.012389765987581803
model	0.0116822993663978

Topic: 12, View: author==1 and year>=1993 and year<=1999
polygons	0.056179775280898875
amalgamation	0.0449438202247191
spatial	0.0449438202247191
operation	0.033707865168539325
amalgamated	0.02247191011235955
algorithm	0.02247191011235955
polygon	0.02247191011235955
boundary	0.02247191011235955
objects	0.02247191011235955
data	0.02247191011235955

Topic: 12, View: author==1 and year>=2000
td-fp-growth	0.046875
top-down	0.03125
fp-growth	0.03125
space	0.03125
strategies	0.03125
order	0.03125
mine	0.03125
search	0.03125
push	0.03125
minimum	0.03125

Topic: 12, View: author==2 and year<=1992
test	0.07246376811594203
optimal	0.057971014492753624
unit	0.043478260869565216
one	0.043478260869565216
testing	0.028985507246376812
production	0.028985507246376812
yield	0.028985507246376812
usually	0.028985507246376812
probability	0.028985507246376812
period	0.028985507246376812

Topic: 12, View: author==2 and year>=1993 and year<=1999
buffer	0.07692307692307693
global	0.07692307692307693
several	0.03296703296703297
pages	0.03296703296703297
results	0.02197802197802198
simulator	0.02197802197802198
also	0.02197802197802198
explored	0.02197802197802198
three	0.02197802197802198
read-caching	0.02197802197802198

Topic: 12, View: author==2 and year>=2000
hypothesis	0.04245283018867924
burst	0.02830188679245283
simplest	0.023584905660377357
optimal	0.018867924528301886
data	0.018867924528301886
indexing	0.014150943396226415
multiple	0.014150943396226415
best	0.014150943396226415
detection	0.014150943396226415
heuristics	0.009433962264150943

***** Topic 13 *****

Topic: 13, View: global
association	0.03361386574392066
rules	0.0290371538421186
patterns	0.02648731648808023
large	0.026319558820995424
show	0.02627578551557683
databases	0.024294563906384247
mining	0.019485206279746953
order	0.01798435617003252
set	0.017154634912944108
paper	0.015667110319281172

Topic: 13, View: author==1
mining	0.08888888888888889
data	0.07222222222222223
knowledge	0.02777777777777778
databases	0.02777777777777778
including	0.02777777777777778
system	0.02777777777777778
see	0.022222222222222223
techniques	0.016666666666666666
interactive	0.016666666666666666
relational	0.016666666666666666

Topic: 13, View: author==2
pattern	0.03488372093023256
routing	0.029069767441860465
information	0.023255813953488372
gain	0.023255813953488372
patterns	0.01744186046511628
transaction	0.01744186046511628
paper	0.01744186046511628
database	0.01744186046511628
response	0.01744186046511628
occurrences	0.011627906976744186

Topic: 13, View: year<=1992
complexity	0.08435125810584945
memory	0.030793960415416925
however	0.02923465227219271
performance	0.029137310947068545
similar	0.028659377617777294
achievable	0.027613210999444637
requesting	0.026455810247758362
paper	0.026228139248123145
response	0.026052767050668505
recovery	0.025815159721491687

Topic: 13, View: year>=1993 and year<=1999
communication	0.07403768163231882
node	0.04935845442154587
one	0.03701884081615941
broadcast	0.03701884081615941
information	0.02482703876010794
messages	0.024679227210772935
system	0.024679227210772935
minimal	0.024679227210772935
nodes	0.024679227210772935
step	0.024679227210772935

Topic: 13, View: year>=2000
intertransaction	0.05
associations	0.044444444444444446
association	0.044444444444444446
mining	0.03888888888888889
day	0.02777777777777778
intratransaction	0.02777777777777778
transactions	0.022222222222222223
frequent	0.022222222222222223
transaction	0.016666666666666666
fiti	0.016666666666666666

Topic: 13, View: author==1 and year<=1992
recursive	0.13406504474440833
recursions	0.11973133320770965
study	0.10760835296189744
efficient	0.09754730981037686
techniques	0.06575289120812665
linear	0.06314951831972496
transitive	0.05736870844490593
methods	0.05559554383909422
authors	0.05363138537939844
closure	0.043922026815677744

Topic: 13, View: author==1 and year>=1993 and year<=1999
rules	0.04807654375879036
mining	0.04770710897432814
databases	0.03205102917252691
system	0.03205102917252691
data	0.03152322149653996
dblearn	0.02403827187939518
relational	0.02403827187939518
features	0.02403827187939518
database	0.022717140786920997
knowledge	0.020270115476831576

Topic: 13, View: author==1 and year>=2000
skyline	0.03111111111111111
objects	0.026666666666666665
matching	0.026666666666666665
efficient	0.022222222222222223
thick	0.017777777777777778
also	0.017777777777777778
person	0.017777777777777778
profilers	0.013333333333333332
pair	0.013333333333333332
computation	0.013333333333333332

Topic: 13, View: author==2 and year<=1992
number	0.058823529411764705
broadcasting	0.058823529411764705
communication	0.047058823529411764
system	0.047058823529411764
minimal	0.047058823529411764
nodes	0.03529411764705882
all-to-all	0.035294117647058816
distributed	0.035294117647058816
node	0.035294117647058816
messages	0.035294117647058816

Topic: 13, View: author==2 and year>=1993 and year<=1999
shared	0.03488372093023256
transaction	0.03488372093023256
processors	0.03488372093023256
processing	0.023255813953488372
task	0.023255813953488372
tasks	0.023255813953488372
memory	0.023255813953488372
time	0.023255813953488372
system	0.023255813953488372
architecture	0.023255813953488372

Topic: 13, View: author==2 and year>=2000
documents	0.03937007874015748
use	0.031496062992125984
clustering	0.031496062992125984
paper	0.023622047244094488
set	0.023622047244094488
classification	0.023622047244094488
classes	0.023622047244094488
categorization	0.015748031496062992
discuss	0.015748031496062992
using	0.015748031496062992

***** Topic 14 *****

Topic: 14, View: global
data	0.0300701858202196
clustering	0.023881579818713146
hash	0.021710527107921047
dimensional	0.015197368975544731
dimensions	0.015197368975544731
high	0.015197368975544731
multiple	0.015197368975544731
problem	0.013026316264752627
given	0.010855263553960524
clusterings	0.010855263553960524

Topic: 14, View: author==1
web	0.049079754601226995
data	0.03680981595092025
mining	0.03067484662576687
query	0.024539877300613498
database	0.018404907975460124
ranked	0.018404907975460124
methods	0.018404907975460124
techniques	0.018404907975460124
indexing	0.018404907975460124
information	0.012269938650306749

Topic: 14, View: author==2
disk	0.05673758865248227
rmd	0.0425531914893617
different	0.028368794326241134
arrays	0.028368794326241134
vod	0.028368794326241134
support	0.02127659574468085
replica	0.02127659574468085
bandwidth	0.02127659574468085
declustering	0.02127659574468085
video	0.02127659574468085

Topic: 14, View: year<=1992
occ	0.05
hybrid	0.05
different	0.037500000000000006
rerun	0.037500000000000006
analysis	0.037500000000000006
cc	0.037500000000000006
schemes	0.037500000000000006
concurrency	0.025
switching	0.025
first	0.025

Topic: 14, View: year>=1993 and year<=1999
snapshots	0.05625000000773783
obsolescence	0.04375000000601831
storage	0.03750000000515855
query	0.0312500000042988
overhead	0.025000000003439035
dfv	0.025000000003439035
number	0.025000000003439035
performance	0.018750000002579276
analytical	0.018750000002579276
rates	0.018750000002579276

Topic: 14, View: year>=2000
data	0.047562221788098116
outliers	0.046861683330171544
outlier	0.04217551499715439
local	0.042175514997154384
detection	0.032803178331120085
finding	0.02331692135986986
objects	0.01874467333206862
object	0.014058504999051464
top-n	0.014058504999051464
lof	0.014058504999051464

Topic: 14, View: author==1 and year<=1992
compiled	0.1159438119512236
asynchronous	0.08700182389644619
chain	0.07944754318174117
compilation	0.06827081396508451
query-processing	0.05398266045906484
rules	0.040365600915120606
nonlinear	0.03966036684500353
multiple-level	0.03902454179439536
recursive	0.03488054235367913
formulas	0.033652608896141835

Topic: 14, View: author==1 and year>=1993 and year<=1999
knowledge	0.102803738317757
query	0.06542056074766356
discovery	0.05607476635514018
answering	0.04672897196261682
intelligent	0.03738317757009346
discovered	0.03738317757009346
queries	0.03738317757009346
data	0.02803738317757009
database	0.02803738317757009
systems	0.02803738317757009

Topic: 14, View: author==1 and year>=2000
data	0.04926108374384237
sets	0.029556650246305417
computation	0.029556650246305417
sparse	0.024630541871921183
performance	0.024630541871921183
approach	0.024630541871921183
profit	0.019704433497536946
mining	0.019704433497536946
bottom-up	0.019704433497536946
top-down	0.014778325123152709

Topic: 14, View: author==2 and year<=1992
snapshots	0.0625
performance	0.041666666666666664
analytical	0.041666666666666664
dfv	0.041666666666666664
models	0.041666666666666664
evaluate	0.041666666666666664
query	0.041666666666666664
finite	0.041666666666666664
processing	0.020833333333333332
overhead	0.020833333333333332

Topic: 14, View: author==2 and year>=1993 and year<=1999
esr	0.046153846153846156
dc	0.038461538461538464
methods	0.038461538461538464
inconsistency	0.038461538461538464
cc	0.03076923076923077
control	0.03076923076923077
sr	0.023076923076923078
concurrency	0.023076923076923078
divergence	0.023076923076923078
design	0.015384615384615385

Topic: 14, View: author==2 and year>=2000
data	0.10344827586206896
mining	0.03879310344827586
generalization	0.030172413793103446
information	0.025862068965517238
privacy	0.021551724137931036
classification	0.021551724137931036
useful	0.012931034482758619
structures	0.012931034482758619
generalized	0.008620689655172414
structure	0.008620689655172414

***** Topic 15 *****

Topic: 15, View: global
mining	0.06549781470307586
patterns	0.04130088878399839
pattern	0.031002929953296773
sequential	0.017802974506818257
frequent	0.015000041355054937
structures	0.01246208861695447
algorithms	0.010986754324057484
approach	0.0106817830308471
efficient	0.010681189139252758
information	0.008901491869253191

Topic: 15, View: author==1
cube	0.0481283422459893
constraints	0.0320855614973262
e	0.021390374331550797
problem	0.0160427807486631
g	0.0160427807486631
paper	0.0160427807486631
techniques	0.0160427807486631
semantics	0.0160427807486631
data	0.010695187165775399
quotient	0.010695187165775399

Topic: 15, View: author==2
media	0.07857142857142857
caching	0.06428571428571428
segmentation	0.02857142857142857
large	0.02857142857142857
cache	0.02142857142857143
segments	0.02142857142857143
size	0.02142857142857143
whole	0.02142857142857143
proxy	0.02142857142857143
objects	0.02142857142857143

Topic: 15, View: year<=1992
function	0.05674961162663009
systems	0.05674961162663009
approach	0.04729134302219175
shipping	0.04729134302219175
among	0.037833074417753396
database	0.037833074417753396
data	0.03777188777318437
system	0.028374805813315047
multisystem	0.028374805813315047
sharing	0.028374805813315047

Topic: 15, View: year>=1993 and year<=1999
fuzziness	0.07291626637281638
time	0.07291626637281638
control	0.031249828445492737
total	0.031249828445492737
esr	0.031249828445492737
inconsistency	0.031249828445492737
multiversion	0.031249828445492737
value	0.031249828445492737
mvdc	0.020833218963661828
may	0.020833218963661828

Topic: 15, View: year>=2000
string	0.03937007874015747
g	0.015748031496062992
large	0.015748031496062992
support	0.015748031496062992
substrings	0.015748031496062992
search	0.015748031496062992
e	0.015748031496062992
matching	0.015748031496062992
tree	0.015748031496062992
potential	0.015748031496062992

Topic: 15, View: author==1 and year<=1992
graph	0.13355856423827217
formulas	0.06382232407170882
kinds	0.05037423310366148
based	0.04913714431271442
query	0.048993522804554934
resolution	0.040071542299957075
class	0.037075384468281535
derived	0.029915139729633115
plans	0.029342663293882586
formula	0.02894381837875926

Topic: 15, View: author==1 and year>=1993 and year<=1999
cfqs	0.04878048780487805
mining	0.04878048780487805
architecture	0.024390243902439025
kinds	0.024390243902439025
including	0.024390243902439025
constrained	0.024390243902439025
associations	0.024390243902439025
step	0.024390243902439025
exploratory	0.024390243902439025
towards	0.024390243902439025

Topic: 15, View: author==1 and year>=2000
mining	0.0597014953071478
pattern	0.03731343384903124
frequent	0.029850750414016154
patterns	0.029850745701384865
frequent-pattern	0.022388049893103487
databases	0.018656738476720114
examine	0.018656723360443182
effectiveness	0.018656708244252907
sequential	0.01492538594417156
study	0.014925382719363917

Topic: 15, View: author==2 and year<=1992
performance	0.06329113924050633
parameters	0.0379746835443038
multi-system	0.0379746835443038
lock	0.0379746835443038
data	0.03797468354430379
system	0.03797468354430379
based	0.02531645569620253
sharing	0.02531645569620253
base	0.02531645569620253
traces	0.02531645569620253

Topic: 15, View: author==2 and year>=1993 and year<=1999
data	0.04132231404958678
striping	0.0371900826446281
copies	0.03305785123966942
two	0.028925619834710745
performance	0.028925619834710745
disk	0.024793388429752067
strategies	0.02066115702479339
failure	0.02066115702479339
sizes	0.01652892561983471
scheme	0.01652892561983471

Topic: 15, View: author==2 and year>=2000
data	0.03571428571428571
microarray	0.03571428571428571
genes	0.023809523809523808
matching	0.023809523809523808
structure	0.023809523809523808
weighted-sequence	0.023809523809523808
sequence	0.023809523809523808
queries	0.023809523809523808
dna	0.023809523809523808
expression	0.023809523809523808

***** Topic 16 *****

Topic: 16, View: global
data	0.029702474858772046
clustering	0.02866209207961257
clusters	0.017056993238945266
subspaces	0.015351293915050737
algorithm	0.015351293915050737
community	0.013645594591156213
new	0.011939895267261686
concept	0.011939895267261686
general	0.011939895267261686
may	0.011939895267261686

Topic: 16, View: author==1
mining	0.0808080808080808
frequent	0.045454545454545456
constraints	0.03535353535353536
pattern	0.030303030303030304
patterns	0.030303030303030304
methods	0.025252525252525256
pattern-growth	0.025252525252525256
developed	0.020202020202020204
v	0.020202020202020204
many	0.020202020202020204

Topic: 16, View: author==2
tree	0.06374422767030717
decision	0.06374422767030717
methods	0.03642527295446124
construction	0.02731895471584593
probability	0.027318954715845927
multiple	0.01821263647723062
first	0.01821263647723062
using	0.01821263647723062
loss	0.01821263647723062
single	0.01821263647723062

Topic: 16, View: year<=1992
integrated	0.050951836089289715
performance	0.04400397741726537
used	0.04389659105931548
authors	0.03396789072619314
buffering	0.03396789072619314
protocol	0.03396789072619314
use	0.03396789072619314
intermediate	0.03396789072619314
problems	0.03396789072619314
control	0.03396789072619314

Topic: 16, View: year>=1993 and year<=1999
s-tree	0.08602150537634408
databases	0.03225806451612903
resulting	0.02150537634408602
dimensions	0.02150537634408602
tree	0.02150537634408602
paper	0.02150537634408602
well	0.02150537634408602
analyze	0.02150537634408602
degree	0.02150537634408602
imbalance	0.02150537634408602

Topic: 16, View: year>=2000
content	0.0364963503649635
transcoding	0.029197080291970802
web	0.029197080291970802
servers	0.025547445255474453
nodes	0.021897810218978103
resources	0.014598540145985401
cooperative	0.014598540145985401
edge	0.014598540145985401
propose	0.010948905109489052
new	0.010948905109489052

Topic: 16, View: author==1 and year<=1992
model	0.14288230619573505
class	0.0643150101979253
formula	0.06411637318750457
graph	0.06082061931399564
recursive	0.056976195693629134
formulas	0.03517986627167886
properties	0.034456613445609074
classes	0.032335073828683884
i-graph	0.02869269791512803
based	0.02809806735248038

Topic: 16, View: author==1 and year>=1993 and year<=1999
efficient	0.05731589417651817
class	0.04912790929415843
system	0.03275193952943895
h-tree	0.024563954647079216
superclass-subclass	0.024563954647079216
access	0.016375969764719476
queries	0.016375969764719476
index	0.016375969764719476
allowing	0.016375969764719476
single	0.016375969764719476

Topic: 16, View: author==1 and year>=2000
mining	0.08383233532934133
sequential	0.035928143712574856
methods	0.029940119760479042
efficient	0.023952095808383235
multi-dimensional	0.023952095808383235
pattern	0.023952095808383235
patterns	0.023952095808383235
well	0.023952095808383235
associated	0.017964071856287428
databases	0.017964071856287428

Topic: 16, View: author==2 and year<=1992
database	0.060240963855421686
transaction	0.04819277108433735
strategies	0.04819277108433735
dynamic	0.03614457831325302
routing	0.03614457831325302
optimal	0.024096385542168676
systems	0.024096385542168676
strategy	0.024096385542168676
request	0.024096385542168676
distributed	0.024096385542168676

Topic: 16, View: author==2 and year>=1993 and year<=1999
similarity	0.0625
data	0.05
useful	0.037500000000000006
proposed	0.025
search	0.025
market	0.025
index	0.025
order	0.025
basket	0.025
dependencies	0.0125

Topic: 16, View: author==2 and year>=2000
web	0.05521472392638037
crawling	0.049079754601226995
topical	0.030674846625766868
crawl	0.024539877300613498
structure	0.024539877300613498
given	0.018404907975460124
technique	0.018404907975460124
focused	0.018404907975460124
wide	0.018404907975460124
crawler	0.018404907975460124

***** Topic 17 *****

Topic: 17, View: global
classification	0.028223487428500314
relations	0.02126423218838866
databases	0.018387355202075233
database	0.015357501024947208
data	0.015125293925082234
relational	0.014176154792259109
high	0.012994808559570784
filtering	0.01181346232688259
multiple	0.01181346232688259
search	0.01181346232688259

Topic: 17, View: author==1
min	0.06428571428571431
mining	0.06428571428571427
patterns	0.05714285714285711
sequential	0.05714285714285711
support	0.05
closed	0.04285714285714282
threshold	0.028571428571428553
set	0.02142857142857144
top-k	0.02142857142857141
frequent	0.02142857142857141

Topic: 17, View: author==2
queue	0.05225733081119407
length	0.05225733081119407
video	0.040026891682807056
policy	0.03266083175699629
mfql	0.026128665405597034
mql	0.020013445841425174
batching	0.020013445841425174
fcfs	0.020013445841425174
maximum	0.020013445841403528
scheduling	0.020013445841403528

Topic: 17, View: year<=1992
buffer	0.07022591656839641
shared	0.05616613297867816
analytic	0.040129095181940806
private	0.040129095181940806
nodes	0.030096821386455606
number	0.030096821386455606
different	0.030096821386455606
sbmps	0.030096821386455606
model	0.02603048812229246
buffers	0.020064547590970403

Topic: 17, View: year>=1993 and year<=1999
mobile	0.054545455307891996
computer	0.04545454608991
cache	0.036363636871928
gcore	0.036363636871928
objects	0.027272727653945998
caching	0.027272727653945998
group	0.027272727653945998
wireless	0.027272727653945998
invalidation	0.027272727653945998
bandwidth	0.027272727653945998

Topic: 17, View: year>=2000
itemsets	0.04048582995951417
frequent	0.02834008097165992
database	0.02834008097165992
boundary	0.020242914979757085
closed	0.020242914979757085
time	0.020242914979757085
structure	0.020242914979757085
sequences	0.016194331983805668
data	0.016194331983805668
approximate	0.016194331983805668

Topic: 17, View: author==1 and year<=1992
query	0.13912287650041918
recursive	0.09942999767099624
graph	0.079155419322724
linear	0.06741571084194516
formula	0.05627277362035105
formulas	0.03889589102376703
based	0.03727967875114764
compilation	0.03255881027900358
i-graph	0.02839515745377762
authors	0.02792664944141572

Topic: 17, View: author==1 and year>=1993 and year<=1999
association	0.040540540540540536
black-box	0.02702702702702703
human-centered	0.02702702702702703
architecture	0.02702702702702703
constraints	0.02702702702702703
associations	0.02702702702702703
user	0.02702702702702703
model	0.02702702702702703
mined	0.02702702702702703
propose	0.02702702702702703

Topic: 17, View: author==1 and year>=2000
support	0.10975609756097561
itemset	0.06097560975609756
apriori	0.06097560975609756
minimum	0.04878048780487805
constraints	0.03658536585365854
generation	0.03658536585365854
adapative	0.024390243902439025
low	0.024390243902439025
interesting	0.024390243902439025
mining	0.024390243902439025

Topic: 17, View: author==2 and year<=1992
j	0.05154639175257731
processors	0.041237113402061855
problem	0.041237113402061855
rectangle	0.030927835051546393
task	0.030927835051546393
scheduling	0.020618556701030927
paper	0.020618556701030927
n	0.020618556701030927
p	0.020618556701030927
nonincreasing	0.020618556701030927

Topic: 17, View: author==2 and year>=1993 and year<=1999
schemes	0.046415818621498545
tolerance	0.026523324926570595
wait	0.026382243411385942
proposed	0.026382243411385942
video	0.025676835835567968
stream	0.019892493694927946
viewer	0.019751412179744385
two	0.019751412179744385
viewers	0.019751412179744385
time	0.019610330664569783

Topic: 17, View: author==2 and year>=2000
boxes	0.05102040816326529
moving	0.05102040816326529
bounding	0.04081632653061225
objects	0.04081632653061225
queries	0.04081632653061225
query	0.04081632653061225
results	0.030612244897959183
motion	0.030612244897959176
indexing	0.030612244897959176
changing	0.020408163265306124

***** Topic 18 *****

Topic: 18, View: global
data	0.07083333333333332
cancer	0.05
classification	0.04583333333333333
gene	0.029166666666666667
mining	0.016666666666666666
proposed	0.016666666666666666
methods	0.0125
order	0.0125
expression	0.0125
description	0.0125

Topic: 18, View: author==1
strategies	0.055045871559633024
vs	0.04587155963302752
closet	0.03669724770642202
study	0.027522935779816515
frequent	0.027522935779816515
search	0.027522935779816512
mining	0.027522935779816512
performance	0.01834862385321101
closed	0.01834862385321101
proposed	0.01834862385321101

Topic: 18, View: author==2
load	0.03157894736866764
customer	0.0263157894738897
response	0.02105263157911176
time	0.02105263157911176
server	0.01578947368433382
algorithm	0.01578947368433382
assignments	0.01578947368433382
servers	0.01578947368433382
request	0.01578947368433382
average	0.01578947368433382

Topic: 18, View: year<=1992
distributed	0.06741573033707865
system	0.06741573033707865
performance	0.0449438202247191
systems	0.0449438202247191
protocols	0.0449438202247191
databases	0.033707865168539325
computer	0.02247191011235955
advantage	0.02247191011235955
structure	0.02247191011235955
centralized	0.02247191011235955

Topic: 18, View: year>=1993 and year<=1999
mobile	0.05952380952380952
caching	0.047619047619047616
cache	0.03571428571428571
computer	0.03571428571428571
gcore	0.03571428571428571
may	0.023809523809523808
bandwidth	0.023809523809523808
operate	0.023809523809523808
battery	0.023809523809523808
present	0.023809523809523808

Topic: 18, View: year>=2000
data	0.05208333333333333
sensitive	0.041666666666666664
set	0.03125
inferences	0.03125
privacy	0.020833333333333332
present	0.020833333333333332
information	0.020833333333333332
scalable	0.020833333333333332
caused	0.010416666666666666
dual	0.010416666666666666

Topic: 18, View: author==1 and year<=1992
recursive	0.17935628060288455
compiled	0.16546048063398344
formulas	0.1500561915565914
compilation	0.0540539319481571
study	0.042654442888034
linear	0.04068867988414095
recursions	0.03433922828350154
asynchronous	0.029886053195945925
authors	0.02958245152209587
query-processing	0.025007066543919397

Topic: 18, View: author==1 and year>=1993 and year<=1999
association	0.05494505494505495
rules	0.05494505494505495
inter-transaction	0.05494505494505495
associations	0.04395604395604396
mining	0.03296703296703297
open	0.02197802197802198
optimization	0.02197802197802198
techniques	0.02197802197802198
mcdonald	0.01098901098901099
speed	0.01098901098901099

Topic: 18, View: author==1 and year>=2000
complex	0.03470031545741325
matchings	0.031545741324921134
matching	0.028391167192429023
mining	0.028391167192429023
interfaces	0.025236593059936908
query	0.025236593059936908
name	0.025236593059936908
approach	0.022082018927444793
attributes	0.022082018927444793
correlation	0.022082018927444793

Topic: 18, View: author==2 and year<=1992
join	0.1111111111111111
sequence	0.09523809523809523
semijoin	0.047619047619047616
reducers	0.047619047619047616
semijoins	0.047619047619047616
query	0.031746031746031744
distributed	0.031746031746031744
processing	0.031746031746031744
tree	0.031746031746031744
correlated	0.015873015873015872

Topic: 18, View: author==2 and year>=1993 and year<=1999
g	0.05607476635514018
raid	0.04672897196261682
c	0.037383177570093455
disk	0.037383177570093455
recovery	0.02803738317757009
disks	0.02803738317757009
clustered	0.02803738317757009
mapping	0.018691588785046728
failure	0.018691588785046728
time	0.018691588785046728

Topic: 18, View: author==2 and year>=2000
web	0.05389221556886228
address	0.029940119760479042
mapping	0.023952095808383235
requests	0.023952095808383235
servers	0.023952095808383235
ttl	0.023952095808383235
server	0.017964071856287428
architecture	0.017964071856287428
node	0.017964071856287428
client	0.017964071856287428

***** Topic 19 *****

Topic: 19, View: global
data	0.019987207366307307
similarity	0.01939749435383545
clustering	0.015870677198592635
prediction	0.015870677198592635
pattern	0.014107268620971232
objects	0.012343860043349829
model	0.012150324934950496
distance	0.010580451465728426
may	0.010580451465728424
classifiers	0.010580451465728424

Topic: 19, View: author==1
data	0.0784313725490196
stream	0.04901960784313725
volume	0.029411764705882353
dynamic	0.029411764705882353
on-line	0.029411764705882353
systems	0.029411764705882353
multi-dimensional	0.029411764705882353
multi-level	0.0196078431372549
analysis	0.0196078431372549
scanned	0.0196078431372549

Topic: 19, View: author==2
composition	0.06299212598425197
acp	0.047244094488188976
stream	0.03937007874015747
optimal	0.031496062992125984
component	0.031496062992125984
approach	0.031496062992125984
problem	0.023622047244094488
adaptive	0.015748031496062992
processing	0.015748031496062992
coarse-grain	0.015748031496062992

Topic: 19, View: year<=1992
time	0.057608039887762696
cost	0.05348340696635224
mips	0.043187263612331966
small	0.03644436314884251
transaction	0.03146622560915534
coupling	0.030591430105365754
processor	0.029629473011181878
response	0.029364112414199568
processing	0.029185906919215927
throughput	0.02859735719414653

Topic: 19, View: year>=1993 and year<=1999
parity	0.07999978607370839
disk	0.053333190715805584
blocks	0.053333190715805584
groups	0.039999893036854195
high	0.039999893036854195
write	0.039999893036854195
system	0.026666595357902795
overhead	0.026666595357902792
dpg	0.026666595357902792
update	0.026666595357902792

Topic: 19, View: year>=2000
patterns	0.045045045045045036
rplocal	0.036036036036036036
rpglobal	0.02702702702702703
frequent-pattern	0.02702702702702703
mining	0.02702702702702703
frequent	0.018018018018018018
number	0.018018018018018018
closed	0.018018018018018018
quality	0.018018018018018018
representative	0.018018018018018018

Topic: 19, View: author==1 and year<=1992
multiple	0.09661521791497675
ml	0.09305408799354281
side-relation	0.08735536214034169
unioned	0.06372146658315875
processing	0.04793978950857285
side-coherent	0.04741370118378001
leads	0.03708723212675339
k-sided	0.03488075598816856
idea	0.033083124378702214
sets	0.0303104170133301

Topic: 19, View: author==1 and year>=1993 and year<=1999
data	0.037037037037037035
join	0.037037037037037035
index	0.02962962962962963
hierarchy	0.02962962962962963
databases	0.029629629629629627
large	0.022222222222222223
method	0.022222222222222223
classification	0.022222222222222223
induction	0.022222222222222223
object-oriented	0.022222222222222223

Topic: 19, View: author==1 and year>=2000
moving	0.05555555555555555
clustering	0.037037037037037035
data	0.027777777777777776
objects	0.027777777777777776
time	0.027777777777777776
micro-clusters	0.027777777777777776
catch	0.018518518518518517
insight	0.009259259259259259
observed	0.009259259259259259
pattern	0.009259259259259259

Topic: 19, View: author==2 and year<=1992
time	0.06950309444175579
response	0.04604176474965579
strategies	0.03765347138836701
transaction	0.037552952084697735
routing	0.032316610152562764
incoming	0.03011498098532452
based	0.020771385160040554
robust	0.019728655404232864
minimize	0.019711675806653534
decisions	0.019330890898341606

Topic: 19, View: author==2 and year>=1993 and year<=1999
web	0.03333333333333333
server	0.029166666666666667
dns	0.029166666666666667
distributed	0.025
requests	0.025
servers	0.020833333333333332
scheduling	0.016666666666666666
load	0.016666666666666666
traditional	0.016666666666666666
information	0.016666666666666666

Topic: 19, View: author==2 and year>=2000
biclusters	0.03759398496240601
algorithm	0.03007518796992481
set	0.022556390977443608
values	0.022556390977443608
data	0.022556390977443608
null	0.022556390977443608
bicluster	0.022556390977443608
experimental	0.015037593984962405
discovered	0.015037593984962405
random	0.015037593984962405

***** Topic 20 *****

Topic: 20, View: global
approach	0.024390243902439025
neighbor	0.024390243902439025
nearest	0.024390243902439025
search	0.024390243902439025
signatures	0.01829268292682927
proposed	0.01829268292682927
shape	0.01829268292682927
also	0.01829268292682927
object	0.01829268292682927
space	0.01829268292682927

Topic: 20, View: author==1
data	0.02793296089385475
cells	0.02793296089385475
efficient	0.0223463687150838
mds	0.0223463687150838
analysis	0.0223463687150838
cell	0.0223463687150838
mining	0.0223463687150838
gradient	0.01675977653631285
gqs	0.01675977653631285
study	0.01675977653631285

Topic: 20, View: author==2
occurrence	0.047058823529411764
pattern	0.0392156862745098
information	0.035294117647058816
patterns	0.035294117647058816
gain	0.027450980392156862
degree	0.023529411764705882
measure	0.023529411764705882
surprise	0.023529411764705882
surprising	0.0196078431372549
sequence	0.01568627450980392

Topic: 20, View: year<=1992
systems	0.06981685317397242
inter-system	0.04311736348732505
increased	0.04311736348732505
interference	0.04311736348732505
transaction	0.0413706733742015
large	0.041263705902731464
protocol	0.02874490899155003
multi-system	0.02874490899155003
coupling	0.027845918698906773
system	0.025101457222774137

Topic: 20, View: year>=1993 and year<=1999
cache	0.05755395683453238
replication	0.05035971223021583
traffic	0.05035971223021583
local	0.05035971223021583
controlled	0.02877697841726619
inter-cache	0.02877697841726619
web	0.021582733812949638
incoming	0.021582733812949638
caches	0.021582733812949638
response	0.014388489208633094

Topic: 20, View: year>=2000
user	0.046216840482931745
clustering	0.046216840482931745
crossclus	0.023108420241465873
data	0.023108420241465873
high-dimensional	0.023108420241465873
guidance	0.023108420241465873
task	0.023108420241465873
set	0.015405613494310584
essential	0.015405613494310584
approach	0.015405613494310584

Topic: 20, View: author==1 and year<=1992
queries	0.1346042185824459
ml	0.07095684363780821
multiple	0.06636103009874383
processing	0.06535526928722844
single-linear	0.04574112569793604
classified	0.04461878197369291
one-sided	0.03766703551437804
iii	0.03628241101803873
k-sided	0.032569863376954625
authors	0.032428958347336806

Topic: 20, View: author==1 and year>=1993 and year<=1999
mining	0.06741573033707865
data	0.0449438202247191
multidimensional	0.033707865168539325
best	0.033707865168539325
current	0.033707865168539325
systems	0.033707865168539325
large	0.02247191011235955
user	0.02247191011235955
data-mining	0.02247191011235955
like	0.02247191011235955

Topic: 20, View: author==1 and year>=2000
tensor	0.06299212598425197
clustering	0.047244094488188976
image	0.047244094488188976
representation	0.047244094488188976
algorithm	0.03937007874015748
n	0.031496062992125984
space	0.031496062992125984
data	0.023622047244094488
vector	0.023622047244094488
rn	0.015748031496062992

Topic: 20, View: author==2 and year<=1992
site	0.057971014492753624
relations	0.043478260869565216
joint	0.043478260869565216
query	0.028985507246376812
sites	0.028985507246376812
technique	0.028985507246376812
methodology	0.028985507246376812
resource	0.028985507246376812
minimize	0.028985507246376812
based	0.028985507246376812

Topic: 20, View: author==2 and year>=1993 and year<=1999
server	0.045454545454545456
load	0.045454545454545456
web	0.045454545454545456
distributed	0.045454545454545456
architectures	0.022727272727272728
request	0.022727272727272728
schedule	0.022727272727272728
web-server	0.022727272727272728
independent	0.022727272727272728
requests	0.022727272727272728

Topic: 20, View: author==2 and year>=2000
search	0.026415094339622643
similarity	0.018867924528301886
documents	0.018867924528301886
sharing	0.01509433962264151
version	0.01509433962264151
indexing	0.015094339622641508
data	0.011320754716981133
small	0.011320754716981133
file	0.011320754716981133
large	0.011320754716981133
